<?xml version="1.0" encoding="UTF-8"?>
<!-- Generated by org.testng.reporters.JUnitXMLReporter -->
<testsuite hostname="DESKTOP-1LKOS4U" ignored="0" name="Test" tests="6" failures="0" timestamp="2020-05-30T21:21:33 IST" time="0.03" errors="0">
  <testcase name="functionaltesting" time="0.0" classname="qaclickacademy.SeleniumTest"/>
  <testcase name="websitetesting" time="0.0" classname="qaclickacademy.SeleniumTest"/>
  <testcase name="AWS" time="0.0" classname="qaclickacademy.RestAPITest"/>
  <testcase name="Salesforce" time="0.0" classname="qaclickacademy.RestAPITest"/>
  <testcase name="android" time="0.0" classname="qaclickacademy.AppiumTest"/>
  <testcase name="ios" time="0.0" classname="qaclickacademy.AppiumTest"/>
</testsuite> <!-- Test -->
