<?xml version="1.0" encoding="UTF-8"?>
<testng-results skipped="0" failed="0" ignored="0" total="6" passed="6">
  <reporter-output>
  </reporter-output>
  <suite name="Suite" duration-ms="30" started-at="2020-05-30T21:21:33 IST" finished-at="2020-05-30T21:21:33 IST">
    <groups>
    </groups>
    <test name="Test" duration-ms="30" started-at="2020-05-30T21:21:33 IST" finished-at="2020-05-30T21:21:33 IST">
      <class name="qaclickacademy.AppiumTest">
        <test-method status="PASS" signature="android()[pri:0, instance:qaclickacademy.AppiumTest@6fc6f14e]" name="android" duration-ms="0" started-at="2020-05-30T21:21:33 IST" finished-at="2020-05-30T21:21:33 IST">
          <reporter-output>
          </reporter-output>
        </test-method> <!-- android -->
        <test-method status="PASS" signature="ios()[pri:0, instance:qaclickacademy.AppiumTest@6fc6f14e]" name="ios" duration-ms="0" started-at="2020-05-30T21:21:33 IST" finished-at="2020-05-30T21:21:33 IST">
          <reporter-output>
          </reporter-output>
        </test-method> <!-- ios -->
      </class> <!-- qaclickacademy.AppiumTest -->
      <class name="qaclickacademy.RestAPITest">
        <test-method status="PASS" signature="Salesforce()[pri:0, instance:qaclickacademy.RestAPITest@20398b7c]" name="Salesforce" duration-ms="0" started-at="2020-05-30T21:21:33 IST" finished-at="2020-05-30T21:21:33 IST">
          <reporter-output>
          </reporter-output>
        </test-method> <!-- Salesforce -->
        <test-method status="PASS" signature="AWS()[pri:0, instance:qaclickacademy.RestAPITest@20398b7c]" name="AWS" duration-ms="0" started-at="2020-05-30T21:21:33 IST" finished-at="2020-05-30T21:21:33 IST">
          <reporter-output>
          </reporter-output>
        </test-method> <!-- AWS -->
      </class> <!-- qaclickacademy.RestAPITest -->
      <class name="qaclickacademy.SeleniumTest">
        <test-method status="PASS" signature="functionaltesting()[pri:0, instance:qaclickacademy.SeleniumTest@71423665]" name="functionaltesting" duration-ms="0" started-at="2020-05-30T21:21:33 IST" finished-at="2020-05-30T21:21:33 IST">
          <reporter-output>
          </reporter-output>
        </test-method> <!-- functionaltesting -->
        <test-method status="PASS" signature="websitetesting()[pri:0, instance:qaclickacademy.SeleniumTest@71423665]" name="websitetesting" duration-ms="0" started-at="2020-05-30T21:21:33 IST" finished-at="2020-05-30T21:21:33 IST">
          <reporter-output>
          </reporter-output>
        </test-method> <!-- websitetesting -->
      </class> <!-- qaclickacademy.SeleniumTest -->
    </test> <!-- Test -->
  </suite> <!-- Suite -->
</testng-results>
